<?xml version="1.0" encoding="UTF-8"?>
<!-- Generated by org.testng.reporters.JUnitReportReporter -->
<testsuite hostname="LAPTOP-MATHCUTA" failures="0" tests="1" name="testNGFramework.ParallelTesting" time="26.195" errors="0" timestamp="2024-03-22T21:07:34 GMT-04:00" skipped="0">
  <testcase classname="testNGFramework.ParallelTesting" name="validateLoginMain" time="26.195"/>
</testsuite> <!-- testNGFramework.ParallelTesting -->
