<?xml version="1.0" encoding="UTF-8"?>
<!-- Generated by org.testng.reporters.JUnitReportReporter -->
<testsuite hostname="LAPTOP-MATHCUTA" failures="0" tests="1" name="testNGFramework.POMtestNG" time="2.055" errors="0" timestamp="2024-03-23T02:24:53 GMT-04:00" skipped="0">
  <testcase classname="testNGFramework.POMtestNG" name="LoginTestMethod" time="2.055"/>
</testsuite> <!-- testNGFramework.POMtestNG -->
