<?xml version="1.0" encoding="UTF-8"?>
<!-- Generated by org.testng.reporters.JUnitReportReporter -->
<testsuite hostname="LAPTOP-MATHCUTA" failures="0" tests="2" name="testNGFramework.DataProviderExample" time="27.173" errors="0" timestamp="2024-03-22T21:15:34 GMT-04:00" skipped="0">
  <testcase classname="testNGFramework.DataProviderExample" name="dataProviderLogin" time="14.370"/>
  <testcase classname="testNGFramework.DataProviderExample" name="dataProviderLogin" time="12.803"/>
</testsuite> <!-- testNGFramework.DataProviderExample -->
