<?xml version="1.0" encoding="UTF-8"?>
<!-- Generated by org.testng.reporters.JUnitReportReporter -->
<testsuite hostname="LAPTOP-MATHCUTA" failures="0" tests="1" name="selenium.learning.WebTableHandling" time="0.729" errors="0" timestamp="2024-03-22T20:10:27 GMT-04:00" skipped="0">
  <testcase classname="selenium.learning.WebTableHandling" name="f" time="0.729"/>
</testsuite> <!-- selenium.learning.WebTableHandling -->
