<?xml version="1.0" encoding="UTF-8"?>
<!-- Generated by org.testng.reporters.JUnitReportReporter -->
<testsuite hostname="LAPTOP-MATHCUTA" failures="0" tests="5" name="selenium.learning.PrioritySequencing" time="19.979" errors="0" timestamp="2024-03-22T20:18:10 GMT-04:00" skipped="0">
  <testcase classname="selenium.learning.PrioritySequencing" name="radioButtonMethod" time="3.253"/>
  <testcase classname="selenium.learning.PrioritySequencing" name="CheckBoxMethod" time="3.356"/>
  <testcase classname="selenium.learning.PrioritySequencing" name="DropdownHandles" time="10.792"/>
  <testcase classname="selenium.learning.PrioritySequencing" name="DropdownMultiselectHandles" time="0.344"/>
  <testcase classname="selenium.learning.PrioritySequencing" name="dropdownselect_deselect" time="2.234"/>
</testsuite> <!-- selenium.learning.PrioritySequencing -->
