<?xml version="1.0" encoding="UTF-8"?>
<!-- Generated by org.testng.reporters.JUnitReportReporter -->
<testsuite hostname="LAPTOP-MATHCUTA" failures="0" tests="2" name="selenium.learning.FirstTestFile" time="0.027" errors="0" timestamp="2024-03-16T09:19:02 GMT-04:00" skipped="0">
  <testcase classname="selenium.learning.FirstTestFile" name="f" time="0.023"/>
  <testcase classname="selenium.learning.FirstTestFile" name="f1" time="0.004"/>
</testsuite> <!-- selenium.learning.FirstTestFile -->
