<?xml version="1.0" encoding="UTF-8"?>
<!-- Generated by org.testng.reporters.JUnitReportReporter -->
<testsuite hostname="LAPTOP-MATHCUTA" failures="0" tests="1" name="selenium.learning.FileUpload" time="3.218" errors="0" timestamp="2024-03-22T02:04:26 GMT-04:00" skipped="0">
  <testcase classname="selenium.learning.FileUpload" name="f" time="3.218"/>
</testsuite> <!-- selenium.learning.FileUpload -->
