<?xml version="1.0" encoding="UTF-8"?>
<!-- Generated by org.testng.reporters.JUnitReportReporter -->
<testsuite hostname="LAPTOP-MATHCUTA" failures="0" tests="1" name="selenium.learning.DragAndDrop" time="13.506" errors="0" timestamp="2024-03-16T16:32:03 GMT-04:00" skipped="0">
  <testcase classname="selenium.learning.DragAndDrop" name="f" time="13.506"/>
</testsuite> <!-- selenium.learning.DragAndDrop -->
