<?xml version="1.0" encoding="UTF-8"?>
<!-- Generated by org.testng.reporters.JUnitReportReporter -->
<testsuite hostname="LAPTOP-MATHCUTA" failures="0" tests="4" name="selenium.learning.SecondTestClass" time="19.864" errors="0" timestamp="2024-03-15T16:52:41 GMT-04:00" skipped="0">
  <testcase classname="selenium.learning.SecondTestClass" name="dropdownselect_deselect" time="2.242"/>
  <testcase classname="selenium.learning.SecondTestClass" name="radioButton" time="3.242"/>
  <testcase classname="selenium.learning.SecondTestClass" name="checkboxes" time="3.299"/>
  <testcase classname="selenium.learning.SecondTestClass" name="dropdownselect" time="11.081"/>
</testsuite> <!-- selenium.learning.SecondTestClass -->
