<?xml version="1.0" encoding="UTF-8"?>
<!-- Generated by org.testng.reporters.JUnitReportReporter -->
<testsuite hostname="LAPTOP-MATHCUTA" failures="0" tests="2" name="selenium.learning.ExcelReadWriteFile" time="3.317" errors="0" timestamp="2024-03-22T16:51:42 GMT-04:00" skipped="0">
  <testcase classname="selenium.learning.ExcelReadWriteFile" name="writeIntoExcelFile" time="0.470"/>
  <testcase classname="selenium.learning.ExcelReadWriteFile" name="readFromExcelFile" time="2.847"/>
</testsuite> <!-- selenium.learning.ExcelReadWriteFile -->
