<?xml version="1.0" encoding="UTF-8"?>
<!-- Generated by org.testng.reporters.JUnitReportReporter -->
<testsuite hostname="LAPTOP-MATHCUTA" failures="0" tests="5" name="selenium.learning.BrowserControls" time="36.466" errors="0" timestamp="2024-03-16T11:36:30 GMT-04:00" skipped="4">
  <testcase classname="selenium.learning.BrowserControls" name="navigateOptions" time="36.466"/>
  <testcase classname="selenium.learning.BrowserControls" name="getURL">
    <skipped/>
  </testcase> <!-- getURL -->
  <testcase classname="selenium.learning.BrowserControls" name="driverclosequit">
    <skipped/>
  </testcase> <!-- driverclosequit -->
  <testcase classname="selenium.learning.BrowserControls" name="getpageSource">
    <skipped/>
  </testcase> <!-- getpageSource -->
  <testcase classname="selenium.learning.BrowserControls" name="navigateConcepts">
    <skipped/>
  </testcase> <!-- navigateConcepts -->
</testsuite> <!-- selenium.learning.BrowserControls -->
