<?xml version="1.0" encoding="UTF-8"?>
<!-- Generated by org.testng.reporters.JUnitReportReporter -->
<testsuite hostname="LAPTOP-MATHCUTA" failures="0" tests="5" name="selenium.learning.radioButtonOrCheckbox" time="3.031" errors="0" timestamp="2024-03-16T15:06:18 GMT-04:00" skipped="3">
  <testcase classname="selenium.learning.radioButtonOrCheckbox" name="DropdownMultiselectHandles" time="0.601"/>
  <testcase classname="selenium.learning.radioButtonOrCheckbox" name="dropdownselect_deselect" time="2.430"/>
  <testcase classname="selenium.learning.radioButtonOrCheckbox" name="DropdownHandles">
    <skipped/>
  </testcase> <!-- DropdownHandles -->
  <testcase classname="selenium.learning.radioButtonOrCheckbox" name="radioButtonMethod">
    <skipped/>
  </testcase> <!-- radioButtonMethod -->
  <testcase classname="selenium.learning.radioButtonOrCheckbox" name="CheckBoxMethod">
    <skipped/>
  </testcase> <!-- CheckBoxMethod -->
</testsuite> <!-- selenium.learning.radioButtonOrCheckbox -->
