<?xml version="1.0" encoding="UTF-8"?>
<!-- Generated by org.testng.reporters.JUnitReportReporter -->
<testsuite hostname="LAPTOP-MATHCUTA" failures="0" tests="2" name="selenium.learning.AnnotationConcept" time="0.056" errors="0" timestamp="2024-03-16T10:02:50 GMT-04:00" skipped="0">
  <testcase classname="selenium.learning.AnnotationConcept" name="testMethod2" time="0.035"/>
  <testcase classname="selenium.learning.AnnotationConcept" name="testMethod" time="0.021"/>
</testsuite> <!-- selenium.learning.AnnotationConcept -->
