<?xml version="1.0" encoding="UTF-8"?>
<!-- Generated by org.testng.reporters.JUnitReportReporter -->
<testsuite hostname="LAPTOP-MATHCUTA" failures="0" tests="1" name="selenium.learning.WebFormTextBox" time="0.589" errors="0" timestamp="2024-03-22T20:10:27 GMT-04:00" skipped="0">
  <testcase classname="selenium.learning.WebFormTextBox" name="textBoxElement" time="0.589"/>
</testsuite> <!-- selenium.learning.WebFormTextBox -->
