<?xml version="1.0" encoding="UTF-8"?>
<!-- Generated by org.testng.reporters.JUnitReportReporter -->
<testsuite hostname="LAPTOP-MATHCUTA" failures="0" tests="4" name="selenium.learning.Frames" time="3.818" errors="0" timestamp="2024-03-16T16:03:17 GMT-04:00" skipped="1">
  <testcase classname="selenium.learning.Frames" name="f" time="3.348"/>
  <testcase classname="selenium.learning.Frames" name="f4" time="0.128"/>
  <testcase classname="selenium.learning.Frames" name="f3" time="0.342"/>
  <testcase classname="selenium.learning.Frames" name="f2">
    <skipped/>
  </testcase> <!-- f2 -->
</testsuite> <!-- selenium.learning.Frames -->
