<?xml version="1.0" encoding="UTF-8"?>
<!-- Generated by org.testng.reporters.JUnitReportReporter -->
<testsuite hostname="LAPTOP-MATHCUTA" failures="0" tests="1" name="selenium.learning.FileUploadSikuli" time="15.653" errors="0" timestamp="2024-03-22T03:36:49 GMT-04:00" skipped="0">
  <testcase classname="selenium.learning.FileUploadSikuli" name="f" time="15.653"/>
</testsuite> <!-- selenium.learning.FileUploadSikuli -->
