<?xml version="1.0" encoding="UTF-8"?>
<!-- Generated by org.testng.reporters.JUnitReportReporter -->
<testsuite hostname="LAPTOP-MATHCUTA" failures="0" tests="3" name="selenium.learning.AlertsClass" time="5.454" errors="0" timestamp="2024-03-16T15:37:57 GMT-04:00" skipped="2">
  <testcase classname="selenium.learning.AlertsClass" name="alertTextBox" time="5.454"/>
  <testcase classname="selenium.learning.AlertsClass" name="alertSimple">
    <skipped/>
  </testcase> <!-- alertSimple -->
  <testcase classname="selenium.learning.AlertsClass" name="alertOkCancel">
    <skipped/>
  </testcase> <!-- alertOkCancel -->
</testsuite> <!-- selenium.learning.AlertsClass -->
