<?xml version="1.0" encoding="UTF-8"?>
<!-- Generated by org.testng.reporters.JUnitReportReporter -->
<testsuite hostname="LAPTOP-MATHCUTA" failures="0" tests="1" name="selenium.learning.CalendarThree" time="8.443" errors="0" timestamp="2024-03-22T20:10:27 GMT-04:00" skipped="0">
  <testcase classname="selenium.learning.CalendarThree" name="f" time="8.443"/>
</testsuite> <!-- selenium.learning.CalendarThree -->
