<?xml version="1.0" encoding="UTF-8"?>
<!-- Generated by org.testng.reporters.JUnitReportReporter -->
<testsuite hostname="LAPTOP-MATHCUTA" failures="0" tests="2" name="selenium.learning.windlowHandles" time="2.456" errors="0" timestamp="2024-03-16T16:17:10 GMT-04:00" skipped="0">
  <testcase classname="selenium.learning.windlowHandles" name="f2" time="1.977"/>
  <testcase classname="selenium.learning.windlowHandles" name="f" time="0.479"/>
</testsuite> <!-- selenium.learning.windlowHandles -->
