<?xml version="1.0" encoding="UTF-8"?>
<!-- Generated by org.testng.reporters.JUnitReportReporter -->
<testsuite hostname="LAPTOP-MATHCUTA" failures="0" tests="1" name="selenium.learning.FileDownload" time="3.395" errors="0" timestamp="2024-03-22T02:49:07 GMT-04:00" skipped="0">
  <testcase classname="selenium.learning.FileDownload" name="f" time="3.395"/>
</testsuite> <!-- selenium.learning.FileDownload -->
