<?xml version="1.0" encoding="UTF-8"?>
<!-- Generated by org.testng.reporters.JUnitReportReporter -->
<testsuite hostname="LAPTOP-MATHCUTA" failures="0" tests="1" name="selenium.learning.LinksOperations" time="13.134" errors="0" timestamp="2024-03-16T15:23:01 GMT-04:00" skipped="0">
  <testcase classname="selenium.learning.LinksOperations" name="f" time="13.134"/>
</testsuite> <!-- selenium.learning.LinksOperations -->
