<?xml version="1.0" encoding="UTF-8"?>
<!-- Generated by org.testng.reporters.JUnitReportReporter -->
<testsuite hostname="LAPTOP-MATHCUTA" failures="0" tests="2" name="selenium.learning.FirstTestFile1" time="0.057" errors="0" timestamp="2024-03-16T09:59:59 GMT-04:00" skipped="0">
  <testcase classname="selenium.learning.FirstTestFile1" name="f1" time="0.007"/>
  <testcase classname="selenium.learning.FirstTestFile1" name="f" time="0.050"/>
</testsuite> <!-- selenium.learning.FirstTestFile1 -->
