<?xml version="1.0" encoding="UTF-8"?>
<!-- Generated by org.testng.reporters.JUnitReportReporter -->
<testsuite hostname="LAPTOP-MATHCUTA" failures="0" tests="2" name="testNGFramework.ParameterizationXML" time="42.075" errors="0" timestamp="2024-03-22T20:52:44 GMT-04:00" skipped="0">
  <testcase classname="testNGFramework.ParameterizationXML" name="validateLoginMain" time="23.074"/>
  <testcase classname="testNGFramework.ParameterizationXML" name="validateLoginMain" time="19.001"/>
</testsuite> <!-- testNGFramework.ParameterizationXML -->
