<?xml version="1.0" encoding="UTF-8"?>
<!-- Generated by org.testng.reporters.JUnitReportReporter -->
<testsuite hostname="LAPTOP-MATHCUTA" failures="0" tests="1" name="selenium.learning.CalendarOne" time="7.458" errors="0" timestamp="2024-03-21T20:24:12 GMT-04:00" skipped="0">
  <testcase classname="selenium.learning.CalendarOne" name="mainCode" time="7.458"/>
</testsuite> <!-- selenium.learning.CalendarOne -->
