<?xml version="1.0" encoding="UTF-8"?>
<!-- Generated by org.testng.reporters.JUnitReportReporter -->
<testsuite hostname="LAPTOP-MATHCUTA" failures="0" tests="1" name="selenium.learning.JavaScriptExecutor" time="12.377" errors="0" timestamp="2024-03-16T17:00:52 GMT-04:00" skipped="0">
  <testcase classname="selenium.learning.JavaScriptExecutor" name="f" time="12.377"/>
</testsuite> <!-- selenium.learning.JavaScriptExecutor -->
