<?xml version="1.0" encoding="UTF-8"?>
<!-- Generated by org.testng.reporters.JUnitReportReporter -->
<testsuite hostname="LAPTOP-MATHCUTA" failures="0" tests="5" name="selenium.learning.CookieHandling" time="2.302" errors="0" timestamp="2024-03-22T13:09:06 GMT-04:00" skipped="1">
  <testcase classname="selenium.learning.CookieHandling" name="getCookieByName" time="0.013"/>
  <testcase classname="selenium.learning.CookieHandling" name="createNewCookie" time="0.019"/>
  <testcase classname="selenium.learning.CookieHandling" name="loginAndGetCookies" time="1.603"/>
  <testcase classname="selenium.learning.CookieHandling" name="DeleteACookie" time="0.667"/>
  <testcase classname="selenium.learning.CookieHandling" name="DeleteAllCookie">
    <skipped/>
  </testcase> <!-- DeleteAllCookie -->
</testsuite> <!-- selenium.learning.CookieHandling -->
