<?xml version="1.0" encoding="UTF-8"?>
<!-- Generated by org.testng.reporters.JUnitReportReporter -->
<testsuite hostname="LAPTOP-MATHCUTA" failures="0" tests="2" name="selenium.learning.FirstTestFile2" time="0.024" errors="0" timestamp="2024-03-16T10:02:50 GMT-04:00" skipped="0">
  <testcase classname="selenium.learning.FirstTestFile2" name="f1" time="0.007"/>
  <testcase classname="selenium.learning.FirstTestFile2" name="f" time="0.017"/>
</testsuite> <!-- selenium.learning.FirstTestFile2 -->
