<?xml version="1.0" encoding="UTF-8"?>
<!-- Generated by org.testng.reporters.JUnitReportReporter -->
<testsuite hostname="LAPTOP-MATHCUTA" failures="0" tests="1" name="selenium.learning.ImplicitWait" time="2.226" errors="0" timestamp="2024-03-16T12:16:53 GMT-04:00" skipped="0">
  <testcase classname="selenium.learning.ImplicitWait" name="implicitlyWait" time="2.226"/>
</testsuite> <!-- selenium.learning.ImplicitWait -->
