<?xml version="1.0" encoding="UTF-8"?>
<!-- Generated by org.testng.reporters.JUnitReportReporter -->
<testsuite hostname="LAPTOP-MATHCUTA" failures="0" tests="1" name="selenium.learning.sliderCode" time="0.508" errors="0" timestamp="2024-03-16T16:25:17 GMT-04:00" skipped="0">
  <testcase classname="selenium.learning.sliderCode" name="f" time="0.508"/>
</testsuite> <!-- selenium.learning.sliderCode -->
