<?xml version="1.0" encoding="UTF-8"?>
<!-- Generated by org.testng.reporters.JUnitReportReporter -->
<testsuite hostname="LAPTOP-MATHCUTA" failures="0" tests="1" name="selenium.learning.MercuryDDT1" time="27.898" errors="0" timestamp="2024-03-22T20:10:27 GMT-04:00" skipped="0">
  <testcase classname="selenium.learning.MercuryDDT1" name="f" time="27.898"/>
</testsuite> <!-- selenium.learning.MercuryDDT1 -->
