<?xml version="1.0" encoding="UTF-8"?>
<!-- Generated by org.testng.reporters.JUnitReportReporter -->
<testsuite hostname="LAPTOP-MATHCUTA" failures="0" tests="2" name="testNGFramework.ExtentReportE1" time="4.327" errors="0" timestamp="2024-03-23T03:48:18 GMT-04:00" skipped="0">
  <testcase classname="testNGFramework.ExtentReportE1" name="loginPage" time="1.724"/>
  <testcase classname="testNGFramework.ExtentReportE1" name="loginPage2" time="2.603"/>
</testsuite> <!-- testNGFramework.ExtentReportE1 -->
